app/build/intermediates/manifest_merge_blame_file/debug/manifest-merger-blame-debug-report.txt
1<?xml version="1.0" encoding="utf-8"?>
2<manifest xmlns:android="http://schemas.android.com/apk/res/android"
3    package="com.example.helloworld"
4    android:versionCode="1"
5    android:versionName="1.0" >
6
7    <uses-sdk
8        android:minSdkVersion="16"
8-->src\main\AndroidManifest.xml
9        android:targetSdkVersion="29" />
9-->src\main\AndroidManifest.xml
10
11    <application
11-->src\main\AndroidManifest.xml:5:5-36:19
12        android:allowBackup="true"
12-->src\main\AndroidManifest.xml:6:9-35
13        android:appComponentFactory="androidx.core.app.CoreComponentFactory"
13-->[androidx.core:core:1.1.0] AndroidManifest.xml:24:18-86
14        android:debuggable="true"
15        android:icon="@mipmap/ic_launcher"
15-->src\main\AndroidManifest.xml:7:9-43
16        android:label="MySaving"
16-->src\main\AndroidManifest.xml:8:9-33
17        android:roundIcon="@mipmap/ic_launcher_round"
17-->src\main\AndroidManifest.xml:9:9-54
18        android:supportsRtl="true"
18-->src\main\AndroidManifest.xml:10:9-35
19        android:testOnly="true"
20        android:theme="@style/Theme.HelloWorld" >
20-->src\main\AndroidManifest.xml:11:9-48
21        <activity android:name="com.example.helloworld.activity_splash" >
21-->src\main\AndroidManifest.xml:12:9-17:20
21-->src\main\AndroidManifest.xml:12:19-50
22            <intent-filter>
22-->src\main\AndroidManifest.xml:13:13-16:29
23                <action android:name="android.intent.action.MAIN" />
23-->src\main\AndroidManifest.xml:14:17-69
23-->src\main\AndroidManifest.xml:14:25-66
24
25                <category android:name="android.intent.category.LAUNCHER" />
25-->src\main\AndroidManifest.xml:15:17-77
25-->src\main\AndroidManifest.xml:15:27-74
26            </intent-filter>
27        </activity>
28        <activity
28-->src\main\AndroidManifest.xml:18:9-24:20
29            android:name="com.example.helloworld.ActivityProfile"
29-->src\main\AndroidManifest.xml:19:13-44
30            android:exported="false" >
30-->src\main\AndroidManifest.xml:20:13-37
31            <meta-data
31-->src\main\AndroidManifest.xml:21:13-23:36
32                android:name="android.app.lib_name"
32-->src\main\AndroidManifest.xml:22:17-52
33                android:value="" />
33-->src\main\AndroidManifest.xml:23:17-33
34        </activity>
35        <activity android:name="com.example.helloworld.MainActivity" >
35-->src\main\AndroidManifest.xml:25:9-31:20
35-->src\main\AndroidManifest.xml:25:19-47
36            <intent-filter>
36-->src\main\AndroidManifest.xml:13:13-16:29
37                <action android:name="android.intent.action.MAIN" />
37-->src\main\AndroidManifest.xml:14:17-69
37-->src\main\AndroidManifest.xml:14:25-66
38
39                <category android:name="android.intent.category.LAUNCHER" />
39-->src\main\AndroidManifest.xml:15:17-77
39-->src\main\AndroidManifest.xml:15:27-74
40            </intent-filter>
41        </activity>
42
43        <meta-data
43-->src\main\AndroidManifest.xml:33:9-35:57
44            android:name="preloaded_fonts"
44-->src\main\AndroidManifest.xml:34:13-43
45            android:resource="@array/preloaded_fonts" />
45-->src\main\AndroidManifest.xml:35:13-54
46    </application>
47
48</manifest>